0 info it worked if it ends with ok
1 verbose cli [ '/usr/bin/nodejs', '/usr/local/bin/npm', 'start' ]
2 info using npm@3.5.0
3 info using node@v6.6.0
4 verbose run-script [ 'prestart', 'start', 'poststart' ]
5 info lifecycle nodeTask@0.0.0~prestart: nodeTask@0.0.0
6 silly lifecycle nodeTask@0.0.0~prestart: no script for prestart, continuing
7 info lifecycle nodeTask@0.0.0~start: nodeTask@0.0.0
8 verbose lifecycle nodeTask@0.0.0~start: unsafe-perm in lifecycle true
9 verbose lifecycle nodeTask@0.0.0~start: PATH: /usr/local/lib/node_modules/npm/bin/node-gyp-bin:/home/and3/Documents/Programacion/BackEnd/ReignDesign/node-task/node_modules/.bin:/usr/local/heroku/bin:/usr/local/sbin:/usr/local/bin:/usr/sbin:/usr/bin:/sbin:/bin:/usr/games:/usr/local/games
10 verbose lifecycle nodeTask@0.0.0~start: CWD: /home/and3/Documents/Programacion/BackEnd/ReignDesign/node-task
11 silly lifecycle nodeTask@0.0.0~start: Args: [ '-c', 'node ./bin/www' ]
12 silly lifecycle nodeTask@0.0.0~start: Returned: code: 1  signal: null
13 info lifecycle nodeTask@0.0.0~start: Failed to exec start script
14 verbose stack Error: nodeTask@0.0.0 start: `node ./bin/www`
14 verbose stack Exit status 1
14 verbose stack     at EventEmitter.<anonymous> (/usr/local/lib/node_modules/npm/lib/utils/lifecycle.js:232:16)
14 verbose stack     at emitTwo (events.js:106:13)
14 verbose stack     at EventEmitter.emit (events.js:191:7)
14 verbose stack     at ChildProcess.<anonymous> (/usr/local/lib/node_modules/npm/lib/utils/spawn.js:24:14)
14 verbose stack     at emitTwo (events.js:106:13)
14 verbose stack     at ChildProcess.emit (events.js:191:7)
14 verbose stack     at maybeClose (internal/child_process.js:877:16)
14 verbose stack     at Process.ChildProcess._handle.onexit (internal/child_process.js:226:5)
15 verbose pkgid nodeTask@0.0.0
16 verbose cwd /home/and3/Documents/Programacion/BackEnd/ReignDesign/node-task
17 error Linux 4.4.0-36-generic
18 error argv "/usr/bin/nodejs" "/usr/local/bin/npm" "start"
19 error node v6.6.0
20 error npm  v3.5.0
21 error code ELIFECYCLE
22 error nodeTask@0.0.0 start: `node ./bin/www`
22 error Exit status 1
23 error Failed at the nodeTask@0.0.0 start script 'node ./bin/www'.
23 error Make sure you have the latest version of node.js and npm installed.
23 error If you do, this is most likely a problem with the nodeTask package,
23 error not with npm itself.
23 error Tell the author that this fails on your system:
23 error     node ./bin/www
23 error You can get their info via:
23 error     npm owner ls nodeTask
23 error There is likely additional logging output above.
24 verbose exit [ 1, true ]
